riscu_examples/c/fibo.bin: pc==0x10000: lui t0,0x11: |- t0==0x0 -> t0==0x11000
riscu_examples/c/fibo.bin: pc==0x10004: addi t0,t0,8: t0==69632(0x11000) |- t0==69632(0x11000) -> t0==69640(0x11008)
riscu_examples/c/fibo.bin: pc==0x10008: addi gp,t0,0: t0==69640(0x11008) |- gp==0x0 -> gp==0x11008
riscu_examples/c/fibo.bin: pc==0x1000C: addi a0,zero,0: zero==0(0x0) |- a0==0(0x0) -> a0==0(0x0)
riscu_examples/c/fibo.bin: pc==0x10010: addi a7,zero,214: zero==0(0x0) |- a7==0(0x0) -> a7==214(0xD6)
riscu_examples/c/fibo.bin: pc==0x10014: ecall(brk): a0==0x0 |- a0==0x0 -> a0==0x12000
riscu_examples/c/fibo.bin: pc==0x10018: addi a0,a0,7: a0==73728(0x12000) |- a0==73728(0x12000) -> a0==73735(0x12007)
riscu_examples/c/fibo.bin: pc==0x1001C: addi t0,zero,8: zero==0(0x0) |- t0==69640(0x11008) -> t0==8(0x8)
riscu_examples/c/fibo.bin: pc==0x10020: remu t0,a0,t0: a0==73735(0x12007),t0==8(0x8) |- t0==8(0x8) -> t0==7(0x7)
riscu_examples/c/fibo.bin: pc==0x10024: sub a0,a0,t0: a0==73735(0x12007),t0==7(0x7) |- a0==73735(0x12007) -> a0==73728(0x12000)
riscu_examples/c/fibo.bin: pc==0x10028: addi a7,zero,214: zero==0(0x0) |- a7==214(0xD6) -> a7==214(0xD6)
riscu_examples/c/fibo.bin: pc==0x1002C: ecall(brk): a0==0x12000 |- a0==0x12000 -> a0==0x12000
riscu_examples/c/fibo.bin: pc==0x10030: sd a0,-8(gp): gp==0x11008,a0==73728(0x12000) |- mem[0x11000]==0 -> mem[0x11000]==a0==73728(0x12000)
riscu_examples/c/fibo.bin: pc==0x10034: ld t0,0(sp): sp==0xFFFFFFC0,mem[0xFFFFFFC0]==1 |- t0==7(0x7) -> t0==1(0x1)==mem[0xFFFFFFC0]
riscu_examples/c/fibo.bin: pc==0x10038: addi sp,sp,-8: sp==0xFFFFFFC0 |- sp==0xFFFFFFC0 -> sp==0xFFFFFFB8
riscu_examples/c/fibo.bin: pc==0x1003C: sd t0,0(sp): sp==0xFFFFFFB8,t0==1(0x1) |- mem[0xFFFFFFB8]==0 -> mem[0xFFFFFFB8]==t0==1(0x1)
riscu_examples/c/fibo.bin: pc==0x10040: addi t0,sp,16: sp==0xFFFFFFB8 |- t0==1(0x1) -> t0==4294967240(0xFFFFFFC8)
riscu_examples/c/fibo.bin: pc==0x10044: sd t0,8(sp): sp==0xFFFFFFB8,t0==4294967240(0xFFFFFFC8) |- mem[0xFFFFFFC0]==1 -> mem[0xFFFFFFC0]==t0==4294967240(0xFFFFFFC8)
riscu_examples/c/fibo.bin: pc==0x10048: jal ra,98: |- ra==0x0,pc==0x10048 -> pc==0x101D0,ra==0x1004C
riscu_examples/c/fibo.bin: pc==0x101D0: addi sp,sp,-8: sp==0xFFFFFFB8 |- sp==0xFFFFFFB8 -> sp==0xFFFFFFB0
riscu_examples/c/fibo.bin: pc==0x101D4: sd ra,0(sp): sp==0xFFFFFFB0,ra==0x1004C |- mem[0xFFFFFFB0]==0 -> mem[0xFFFFFFB0]==ra==0x1004C
riscu_examples/c/fibo.bin: pc==0x101D8: addi sp,sp,-8: sp==0xFFFFFFB0 |- sp==0xFFFFFFB0 -> sp==0xFFFFFFA8
riscu_examples/c/fibo.bin: pc==0x101DC: sd s0,0(sp): sp==0xFFFFFFA8,s0==0x0 |- mem[0xFFFFFFA8]==0 -> mem[0xFFFFFFA8]==s0==0x0
riscu_examples/c/fibo.bin: pc==0x101E0: addi s0,sp,0: sp==0xFFFFFFA8 |- s0==0x0 -> s0==0xFFFFFFA8
riscu_examples/c/fibo.bin: pc==0x101E4: addi sp,sp,-8: sp==0xFFFFFFA8 |- sp==0xFFFFFFA8 -> sp==0xFFFFFFA0
riscu_examples/c/fibo.bin: pc==0x101E8: addi t0,zero,10: zero==0(0x0) |- t0==4294967240(0xFFFFFFC8) -> t0==10(0xA)
riscu_examples/c/fibo.bin: pc==0x101EC: sd t0,-8(s0): s0==0xFFFFFFA8,t0==10(0xA) |- mem[0xFFFFFFA0]==0 -> mem[0xFFFFFFA0]==t0==10(0xA)
riscu_examples/c/fibo.bin: pc==0x101F0: ld t0,-8(s0): s0==0xFFFFFFA8,mem[0xFFFFFFA0]==10 |- t0==10(0xA) -> t0==10(0xA)==mem[0xFFFFFFA0]
riscu_examples/c/fibo.bin: pc==0x101F4: addi sp,sp,-8: sp==0xFFFFFFA0 |- sp==0xFFFFFFA0 -> sp==0xFFFFFF98
riscu_examples/c/fibo.bin: pc==0x101F8: sd t0,0(sp): sp==0xFFFFFF98,t0==10(0xA) |- mem[0xFFFFFF98]==0 -> mem[0xFFFFFF98]==t0==10(0xA)
riscu_examples/c/fibo.bin: pc==0x101FC: jal ra,-48: |- ra==0x1004C,pc==0x101FC -> pc==0x1013C,ra==0x10200
riscu_examples/c/fibo.bin: pc==0x1013C: addi sp,sp,-8: sp==0xFFFFFF98 |- sp==0xFFFFFF98 -> sp==0xFFFFFF90
riscu_examples/c/fibo.bin: pc==0x10140: sd ra,0(sp): sp==0xFFFFFF90,ra==0x10200 |- mem[0xFFFFFF90]==0 -> mem[0xFFFFFF90]==ra==0x10200
riscu_examples/c/fibo.bin: pc==0x10144: addi sp,sp,-8: sp==0xFFFFFF90 |- sp==0xFFFFFF90 -> sp==0xFFFFFF88
riscu_examples/c/fibo.bin: pc==0x10148: sd s0,0(sp): sp==0xFFFFFF88,s0==0xFFFFFFA8 |- mem[0xFFFFFF88]==0 -> mem[0xFFFFFF88]==s0==0xFFFFFFA8
riscu_examples/c/fibo.bin: pc==0x1014C: addi s0,sp,0: sp==0xFFFFFF88 |- s0==0xFFFFFFA8 -> s0==0xFFFFFF88
riscu_examples/c/fibo.bin: pc==0x10150: addi sp,sp,-32: sp==0xFFFFFF88 |- sp==0xFFFFFF88 -> sp==0xFFFFFF68
riscu_examples/c/fibo.bin: pc==0x10154: addi t0,zero,0: zero==0(0x0) |- t0==10(0xA) -> t0==0(0x0)
riscu_examples/c/fibo.bin: pc==0x10158: sd t0,-24(s0): s0==0xFFFFFF88,t0==0(0x0) |- mem[0xFFFFFF70]==0 -> mem[0xFFFFFF70]==t0==0(0x0)
riscu_examples/c/fibo.bin: pc==0x1015C: addi t0,zero,1: zero==0(0x0) |- t0==0(0x0) -> t0==1(0x1)
riscu_examples/c/fibo.bin: pc==0x10160: sd t0,-32(s0): s0==0xFFFFFF88,t0==1(0x1) |- mem[0xFFFFFF68]==0 -> mem[0xFFFFFF68]==t0==1(0x1)
riscu_examples/c/fibo.bin: pc==0x10164: ld t0,-8(s0): s0==0xFFFFFF88,mem[0xFFFFFF80]==0 |- t0==1(0x1) -> t0==0(0x0)==mem[0xFFFFFF80]
riscu_examples/c/fibo.bin: pc==0x10168: ld t1,16(s0): s0==0xFFFFFF88,mem[0xFFFFFF98]==10 |- t1==0(0x0) -> t1==10(0xA)==mem[0xFFFFFF98]
riscu_examples/c/fibo.bin: pc==0x1016C: sltu t0,t0,t1: t0==0(0x0),t1==10(0xA) |- t0==0(0x0) -> t0==1(0x1)
riscu_examples/c/fibo.bin: pc==0x10170: beq t0,zero,14: t0==1(0x1),zero==0(0x0) |- pc==0x10170 -> pc==0x10174
riscu_examples/c/fibo.bin: pc==0x10174: ld t0,-32(s0): s0==0xFFFFFF88,mem[0xFFFFFF68]==1 |- t0==1(0x1) -> t0==1(0x1)==mem[0xFFFFFF68]
riscu_examples/c/fibo.bin: pc==0x10178: sd t0,-16(s0): s0==0xFFFFFF88,t0==1(0x1) |- mem[0xFFFFFF78]==0 -> mem[0xFFFFFF78]==t0==1(0x1)
riscu_examples/c/fibo.bin: pc==0x1017C: ld t0,-24(s0): s0==0xFFFFFF88,mem[0xFFFFFF70]==0 |- t0==1(0x1) -> t0==0(0x0)==mem[0xFFFFFF70]
riscu_examples/c/fibo.bin: pc==0x10180: ld t1,-32(s0): s0==0xFFFFFF88,mem[0xFFFFFF68]==1 |- t1==10(0xA) -> t1==1(0x1)==mem[0xFFFFFF68]
riscu_examples/c/fibo.bin: pc==0x10184: add t0,t0,t1: t0==0(0x0),t1==1(0x1) |- t0==0(0x0) -> t0==1(0x1)
riscu_examples/c/fibo.bin: pc==0x10188: sd t0,-32(s0): s0==0xFFFFFF88,t0==1(0x1) |- mem[0xFFFFFF68]==1 -> mem[0xFFFFFF68]==t0==1(0x1)
riscu_examples/c/fibo.bin: pc==0x1018C: ld t0,-16(s0): s0==0xFFFFFF88,mem[0xFFFFFF78]==1 |- t0==1(0x1) -> t0==1(0x1)==mem[0xFFFFFF78]
riscu_examples/c/fibo.bin: pc==0x10190: sd t0,-24(s0): s0==0xFFFFFF88,t0==1(0x1) |- mem[0xFFFFFF70]==0 -> mem[0xFFFFFF70]==t0==1(0x1)
riscu_examples/c/fibo.bin: pc==0x10194: ld t0,-8(s0): s0==0xFFFFFF88,mem[0xFFFFFF80]==0 |- t0==1(0x1) -> t0==0(0x0)==mem[0xFFFFFF80]
riscu_examples/c/fibo.bin: pc==0x10198: addi t1,zero,1: zero==0(0x0) |- t1==1(0x1) -> t1==1(0x1)
riscu_examples/c/fibo.bin: pc==0x1019C: add t0,t0,t1: t0==0(0x0),t1==1(0x1) |- t0==0(0x0) -> t0==1(0x1)
riscu_examples/c/fibo.bin: pc==0x101A0: sd t0,-8(s0): s0==0xFFFFFF88,t0==1(0x1) |- mem[0xFFFFFF80]==0 -> mem[0xFFFFFF80]==t0==1(0x1)
riscu_examples/c/fibo.bin: pc==0x101A4: jal zero,-16: |- pc==0x101A4 -> pc==0x10164
riscu_examples/c/fibo.bin: pc==0x10164: ld t0,-8(s0): s0==0xFFFFFF88,mem[0xFFFFFF80]==1 |- t0==1(0x1) -> t0==1(0x1)==mem[0xFFFFFF80]
riscu_examples/c/fibo.bin: pc==0x10168: ld t1,16(s0): s0==0xFFFFFF88,mem[0xFFFFFF98]==10 |- t1==1(0x1) -> t1==10(0xA)==mem[0xFFFFFF98]
riscu_examples/c/fibo.bin: pc==0x1016C: sltu t0,t0,t1: t0==1(0x1),t1==10(0xA) |- t0==1(0x1) -> t0==1(0x1)
riscu_examples/c/fibo.bin: pc==0x10170: beq t0,zero,14: t0==1(0x1),zero==0(0x0) |- pc==0x10170 -> pc==0x10174
riscu_examples/c/fibo.bin: pc==0x10174: ld t0,-32(s0): s0==0xFFFFFF88,mem[0xFFFFFF68]==1 |- t0==1(0x1) -> t0==1(0x1)==mem[0xFFFFFF68]
riscu_examples/c/fibo.bin: pc==0x10178: sd t0,-16(s0): s0==0xFFFFFF88,t0==1(0x1) |- mem[0xFFFFFF78]==1 -> mem[0xFFFFFF78]==t0==1(0x1)
riscu_examples/c/fibo.bin: pc==0x1017C: ld t0,-24(s0): s0==0xFFFFFF88,mem[0xFFFFFF70]==1 |- t0==1(0x1) -> t0==1(0x1)==mem[0xFFFFFF70]
riscu_examples/c/fibo.bin: pc==0x10180: ld t1,-32(s0): s0==0xFFFFFF88,mem[0xFFFFFF68]==1 |- t1==10(0xA) -> t1==1(0x1)==mem[0xFFFFFF68]
riscu_examples/c/fibo.bin: pc==0x10184: add t0,t0,t1: t0==1(0x1),t1==1(0x1) |- t0==1(0x1) -> t0==2(0x2)
riscu_examples/c/fibo.bin: pc==0x10188: sd t0,-32(s0): s0==0xFFFFFF88,t0==2(0x2) |- mem[0xFFFFFF68]==1 -> mem[0xFFFFFF68]==t0==2(0x2)
riscu_examples/c/fibo.bin: pc==0x1018C: ld t0,-16(s0): s0==0xFFFFFF88,mem[0xFFFFFF78]==1 |- t0==2(0x2) -> t0==1(0x1)==mem[0xFFFFFF78]
riscu_examples/c/fibo.bin: pc==0x10190: sd t0,-24(s0): s0==0xFFFFFF88,t0==1(0x1) |- mem[0xFFFFFF70]==1 -> mem[0xFFFFFF70]==t0==1(0x1)
riscu_examples/c/fibo.bin: pc==0x10194: ld t0,-8(s0): s0==0xFFFFFF88,mem[0xFFFFFF80]==1 |- t0==1(0x1) -> t0==1(0x1)==mem[0xFFFFFF80]
riscu_examples/c/fibo.bin: pc==0x10198: addi t1,zero,1: zero==0(0x0) |- t1==1(0x1) -> t1==1(0x1)
riscu_examples/c/fibo.bin: pc==0x1019C: add t0,t0,t1: t0==1(0x1),t1==1(0x1) |- t0==1(0x1) -> t0==2(0x2)
riscu_examples/c/fibo.bin: pc==0x101A0: sd t0,-8(s0): s0==0xFFFFFF88,t0==2(0x2) |- mem[0xFFFFFF80]==1 -> mem[0xFFFFFF80]==t0==2(0x2)
riscu_examples/c/fibo.bin: pc==0x101A4: jal zero,-16: |- pc==0x101A4 -> pc==0x10164
riscu_examples/c/fibo.bin: pc==0x10164: ld t0,-8(s0): s0==0xFFFFFF88,mem[0xFFFFFF80]==2 |- t0==2(0x2) -> t0==2(0x2)==mem[0xFFFFFF80]
riscu_examples/c/fibo.bin: pc==0x10168: ld t1,16(s0): s0==0xFFFFFF88,mem[0xFFFFFF98]==10 |- t1==1(0x1) -> t1==10(0xA)==mem[0xFFFFFF98]
riscu_examples/c/fibo.bin: pc==0x1016C: sltu t0,t0,t1: t0==2(0x2),t1==10(0xA) |- t0==2(0x2) -> t0==1(0x1)
riscu_examples/c/fibo.bin: pc==0x10170: beq t0,zero,14: t0==1(0x1),zero==0(0x0) |- pc==0x10170 -> pc==0x10174
riscu_examples/c/fibo.bin: pc==0x10174: ld t0,-32(s0): s0==0xFFFFFF88,mem[0xFFFFFF68]==2 |- t0==1(0x1) -> t0==2(0x2)==mem[0xFFFFFF68]
riscu_examples/c/fibo.bin: pc==0x10178: sd t0,-16(s0): s0==0xFFFFFF88,t0==2(0x2) |- mem[0xFFFFFF78]==1 -> mem[0xFFFFFF78]==t0==2(0x2)
riscu_examples/c/fibo.bin: pc==0x1017C: ld t0,-24(s0): s0==0xFFFFFF88,mem[0xFFFFFF70]==1 |- t0==2(0x2) -> t0==1(0x1)==mem[0xFFFFFF70]
riscu_examples/c/fibo.bin: pc==0x10180: ld t1,-32(s0): s0==0xFFFFFF88,mem[0xFFFFFF68]==2 |- t1==10(0xA) -> t1==2(0x2)==mem[0xFFFFFF68]
riscu_examples/c/fibo.bin: pc==0x10184: add t0,t0,t1: t0==1(0x1),t1==2(0x2) |- t0==1(0x1) -> t0==3(0x3)
riscu_examples/c/fibo.bin: pc==0x10188: sd t0,-32(s0): s0==0xFFFFFF88,t0==3(0x3) |- mem[0xFFFFFF68]==2 -> mem[0xFFFFFF68]==t0==3(0x3)
riscu_examples/c/fibo.bin: pc==0x1018C: ld t0,-16(s0): s0==0xFFFFFF88,mem[0xFFFFFF78]==2 |- t0==3(0x3) -> t0==2(0x2)==mem[0xFFFFFF78]
riscu_examples/c/fibo.bin: pc==0x10190: sd t0,-24(s0): s0==0xFFFFFF88,t0==2(0x2) |- mem[0xFFFFFF70]==1 -> mem[0xFFFFFF70]==t0==2(0x2)
riscu_examples/c/fibo.bin: pc==0x10194: ld t0,-8(s0): s0==0xFFFFFF88,mem[0xFFFFFF80]==2 |- t0==2(0x2) -> t0==2(0x2)==mem[0xFFFFFF80]
riscu_examples/c/fibo.bin: pc==0x10198: addi t1,zero,1: zero==0(0x0) |- t1==2(0x2) -> t1==1(0x1)
riscu_examples/c/fibo.bin: pc==0x1019C: add t0,t0,t1: t0==2(0x2),t1==1(0x1) |- t0==2(0x2) -> t0==3(0x3)
riscu_examples/c/fibo.bin: pc==0x101A0: sd t0,-8(s0): s0==0xFFFFFF88,t0==3(0x3) |- mem[0xFFFFFF80]==2 -> mem[0xFFFFFF80]==t0==3(0x3)
riscu_examples/c/fibo.bin: pc==0x101A4: jal zero,-16: |- pc==0x101A4 -> pc==0x10164
riscu_examples/c/fibo.bin: pc==0x10164: ld t0,-8(s0): s0==0xFFFFFF88,mem[0xFFFFFF80]==3 |- t0==3(0x3) -> t0==3(0x3)==mem[0xFFFFFF80]
riscu_examples/c/fibo.bin: pc==0x10168: ld t1,16(s0): s0==0xFFFFFF88,mem[0xFFFFFF98]==10 |- t1==1(0x1) -> t1==10(0xA)==mem[0xFFFFFF98]
riscu_examples/c/fibo.bin: pc==0x1016C: sltu t0,t0,t1: t0==3(0x3),t1==10(0xA) |- t0==3(0x3) -> t0==1(0x1)
riscu_examples/c/fibo.bin: pc==0x10170: beq t0,zero,14: t0==1(0x1),zero==0(0x0) |- pc==0x10170 -> pc==0x10174
riscu_examples/c/fibo.bin: pc==0x10174: ld t0,-32(s0): s0==0xFFFFFF88,mem[0xFFFFFF68]==3 |- t0==1(0x1) -> t0==3(0x3)==mem[0xFFFFFF68]
riscu_examples/c/fibo.bin: pc==0x10178: sd t0,-16(s0): s0==0xFFFFFF88,t0==3(0x3) |- mem[0xFFFFFF78]==2 -> mem[0xFFFFFF78]==t0==3(0x3)
riscu_examples/c/fibo.bin: pc==0x1017C: ld t0,-24(s0): s0==0xFFFFFF88,mem[0xFFFFFF70]==2 |- t0==3(0x3) -> t0==2(0x2)==mem[0xFFFFFF70]
riscu_examples/c/fibo.bin: pc==0x10180: ld t1,-32(s0): s0==0xFFFFFF88,mem[0xFFFFFF68]==3 |- t1==10(0xA) -> t1==3(0x3)==mem[0xFFFFFF68]
riscu_examples/c/fibo.bin: pc==0x10184: add t0,t0,t1: t0==2(0x2),t1==3(0x3) |- t0==2(0x2) -> t0==5(0x5)
riscu_examples/c/fibo.bin: pc==0x10188: sd t0,-32(s0): s0==0xFFFFFF88,t0==5(0x5) |- mem[0xFFFFFF68]==3 -> mem[0xFFFFFF68]==t0==5(0x5)
riscu_examples/c/fibo.bin: pc==0x1018C: ld t0,-16(s0): s0==0xFFFFFF88,mem[0xFFFFFF78]==3 |- t0==5(0x5) -> t0==3(0x3)==mem[0xFFFFFF78]
riscu_examples/c/fibo.bin: pc==0x10190: sd t0,-24(s0): s0==0xFFFFFF88,t0==3(0x3) |- mem[0xFFFFFF70]==2 -> mem[0xFFFFFF70]==t0==3(0x3)
riscu_examples/c/fibo.bin: pc==0x10194: ld t0,-8(s0): s0==0xFFFFFF88,mem[0xFFFFFF80]==3 |- t0==3(0x3) -> t0==3(0x3)==mem[0xFFFFFF80]
riscu_examples/c/fibo.bin: pc==0x10198: addi t1,zero,1: zero==0(0x0) |- t1==3(0x3) -> t1==1(0x1)
riscu_examples/c/fibo.bin: pc==0x1019C: add t0,t0,t1: t0==3(0x3),t1==1(0x1) |- t0==3(0x3) -> t0==4(0x4)
riscu_examples/c/fibo.bin: pc==0x101A0: sd t0,-8(s0): s0==0xFFFFFF88,t0==4(0x4) |- mem[0xFFFFFF80]==3 -> mem[0xFFFFFF80]==t0==4(0x4)
riscu_examples/c/fibo.bin: pc==0x101A4: jal zero,-16: |- pc==0x101A4 -> pc==0x10164
riscu_examples/c/fibo.bin: pc==0x10164: ld t0,-8(s0): s0==0xFFFFFF88,mem[0xFFFFFF80]==4 |- t0==4(0x4) -> t0==4(0x4)==mem[0xFFFFFF80]
riscu_examples/c/fibo.bin: pc==0x10168: ld t1,16(s0): s0==0xFFFFFF88,mem[0xFFFFFF98]==10 |- t1==1(0x1) -> t1==10(0xA)==mem[0xFFFFFF98]
riscu_examples/c/fibo.bin: pc==0x1016C: sltu t0,t0,t1: t0==4(0x4),t1==10(0xA) |- t0==4(0x4) -> t0==1(0x1)
riscu_examples/c/fibo.bin: pc==0x10170: beq t0,zero,14: t0==1(0x1),zero==0(0x0) |- pc==0x10170 -> pc==0x10174
riscu_examples/c/fibo.bin: pc==0x10174: ld t0,-32(s0): s0==0xFFFFFF88,mem[0xFFFFFF68]==5 |- t0==1(0x1) -> t0==5(0x5)==mem[0xFFFFFF68]
riscu_examples/c/fibo.bin: pc==0x10178: sd t0,-16(s0): s0==0xFFFFFF88,t0==5(0x5) |- mem[0xFFFFFF78]==3 -> mem[0xFFFFFF78]==t0==5(0x5)
riscu_examples/c/fibo.bin: pc==0x1017C: ld t0,-24(s0): s0==0xFFFFFF88,mem[0xFFFFFF70]==3 |- t0==5(0x5) -> t0==3(0x3)==mem[0xFFFFFF70]
riscu_examples/c/fibo.bin: pc==0x10180: ld t1,-32(s0): s0==0xFFFFFF88,mem[0xFFFFFF68]==5 |- t1==10(0xA) -> t1==5(0x5)==mem[0xFFFFFF68]
riscu_examples/c/fibo.bin: pc==0x10184: add t0,t0,t1: t0==3(0x3),t1==5(0x5) |- t0==3(0x3) -> t0==8(0x8)
riscu_examples/c/fibo.bin: pc==0x10188: sd t0,-32(s0): s0==0xFFFFFF88,t0==8(0x8) |- mem[0xFFFFFF68]==5 -> mem[0xFFFFFF68]==t0==8(0x8)
riscu_examples/c/fibo.bin: pc==0x1018C: ld t0,-16(s0): s0==0xFFFFFF88,mem[0xFFFFFF78]==5 |- t0==8(0x8) -> t0==5(0x5)==mem[0xFFFFFF78]
riscu_examples/c/fibo.bin: pc==0x10190: sd t0,-24(s0): s0==0xFFFFFF88,t0==5(0x5) |- mem[0xFFFFFF70]==3 -> mem[0xFFFFFF70]==t0==5(0x5)
riscu_examples/c/fibo.bin: pc==0x10194: ld t0,-8(s0): s0==0xFFFFFF88,mem[0xFFFFFF80]==4 |- t0==5(0x5) -> t0==4(0x4)==mem[0xFFFFFF80]
riscu_examples/c/fibo.bin: pc==0x10198: addi t1,zero,1: zero==0(0x0) |- t1==5(0x5) -> t1==1(0x1)
riscu_examples/c/fibo.bin: pc==0x1019C: add t0,t0,t1: t0==4(0x4),t1==1(0x1) |- t0==4(0x4) -> t0==5(0x5)
riscu_examples/c/fibo.bin: pc==0x101A0: sd t0,-8(s0): s0==0xFFFFFF88,t0==5(0x5) |- mem[0xFFFFFF80]==4 -> mem[0xFFFFFF80]==t0==5(0x5)
riscu_examples/c/fibo.bin: pc==0x101A4: jal zero,-16: |- pc==0x101A4 -> pc==0x10164
riscu_examples/c/fibo.bin: pc==0x10164: ld t0,-8(s0): s0==0xFFFFFF88,mem[0xFFFFFF80]==5 |- t0==5(0x5) -> t0==5(0x5)==mem[0xFFFFFF80]
riscu_examples/c/fibo.bin: pc==0x10168: ld t1,16(s0): s0==0xFFFFFF88,mem[0xFFFFFF98]==10 |- t1==1(0x1) -> t1==10(0xA)==mem[0xFFFFFF98]
riscu_examples/c/fibo.bin: pc==0x1016C: sltu t0,t0,t1: t0==5(0x5),t1==10(0xA) |- t0==5(0x5) -> t0==1(0x1)
riscu_examples/c/fibo.bin: pc==0x10170: beq t0,zero,14: t0==1(0x1),zero==0(0x0) |- pc==0x10170 -> pc==0x10174
riscu_examples/c/fibo.bin: pc==0x10174: ld t0,-32(s0): s0==0xFFFFFF88,mem[0xFFFFFF68]==8 |- t0==1(0x1) -> t0==8(0x8)==mem[0xFFFFFF68]
riscu_examples/c/fibo.bin: pc==0x10178: sd t0,-16(s0): s0==0xFFFFFF88,t0==8(0x8) |- mem[0xFFFFFF78]==5 -> mem[0xFFFFFF78]==t0==8(0x8)
riscu_examples/c/fibo.bin: pc==0x1017C: ld t0,-24(s0): s0==0xFFFFFF88,mem[0xFFFFFF70]==5 |- t0==8(0x8) -> t0==5(0x5)==mem[0xFFFFFF70]
riscu_examples/c/fibo.bin: pc==0x10180: ld t1,-32(s0): s0==0xFFFFFF88,mem[0xFFFFFF68]==8 |- t1==10(0xA) -> t1==8(0x8)==mem[0xFFFFFF68]
riscu_examples/c/fibo.bin: pc==0x10184: add t0,t0,t1: t0==5(0x5),t1==8(0x8) |- t0==5(0x5) -> t0==13(0xD)
riscu_examples/c/fibo.bin: pc==0x10188: sd t0,-32(s0): s0==0xFFFFFF88,t0==13(0xD) |- mem[0xFFFFFF68]==8 -> mem[0xFFFFFF68]==t0==13(0xD)
riscu_examples/c/fibo.bin: pc==0x1018C: ld t0,-16(s0): s0==0xFFFFFF88,mem[0xFFFFFF78]==8 |- t0==13(0xD) -> t0==8(0x8)==mem[0xFFFFFF78]
riscu_examples/c/fibo.bin: pc==0x10190: sd t0,-24(s0): s0==0xFFFFFF88,t0==8(0x8) |- mem[0xFFFFFF70]==5 -> mem[0xFFFFFF70]==t0==8(0x8)
riscu_examples/c/fibo.bin: pc==0x10194: ld t0,-8(s0): s0==0xFFFFFF88,mem[0xFFFFFF80]==5 |- t0==8(0x8) -> t0==5(0x5)==mem[0xFFFFFF80]
riscu_examples/c/fibo.bin: pc==0x10198: addi t1,zero,1: zero==0(0x0) |- t1==8(0x8) -> t1==1(0x1)
riscu_examples/c/fibo.bin: pc==0x1019C: add t0,t0,t1: t0==5(0x5),t1==1(0x1) |- t0==5(0x5) -> t0==6(0x6)
riscu_examples/c/fibo.bin: pc==0x101A0: sd t0,-8(s0): s0==0xFFFFFF88,t0==6(0x6) |- mem[0xFFFFFF80]==5 -> mem[0xFFFFFF80]==t0==6(0x6)
riscu_examples/c/fibo.bin: pc==0x101A4: jal zero,-16: |- pc==0x101A4 -> pc==0x10164
riscu_examples/c/fibo.bin: pc==0x10164: ld t0,-8(s0): s0==0xFFFFFF88,mem[0xFFFFFF80]==6 |- t0==6(0x6) -> t0==6(0x6)==mem[0xFFFFFF80]
riscu_examples/c/fibo.bin: pc==0x10168: ld t1,16(s0): s0==0xFFFFFF88,mem[0xFFFFFF98]==10 |- t1==1(0x1) -> t1==10(0xA)==mem[0xFFFFFF98]
riscu_examples/c/fibo.bin: pc==0x1016C: sltu t0,t0,t1: t0==6(0x6),t1==10(0xA) |- t0==6(0x6) -> t0==1(0x1)
riscu_examples/c/fibo.bin: pc==0x10170: beq t0,zero,14: t0==1(0x1),zero==0(0x0) |- pc==0x10170 -> pc==0x10174
riscu_examples/c/fibo.bin: pc==0x10174: ld t0,-32(s0): s0==0xFFFFFF88,mem[0xFFFFFF68]==13 |- t0==1(0x1) -> t0==13(0xD)==mem[0xFFFFFF68]
riscu_examples/c/fibo.bin: pc==0x10178: sd t0,-16(s0): s0==0xFFFFFF88,t0==13(0xD) |- mem[0xFFFFFF78]==8 -> mem[0xFFFFFF78]==t0==13(0xD)
riscu_examples/c/fibo.bin: pc==0x1017C: ld t0,-24(s0): s0==0xFFFFFF88,mem[0xFFFFFF70]==8 |- t0==13(0xD) -> t0==8(0x8)==mem[0xFFFFFF70]
riscu_examples/c/fibo.bin: pc==0x10180: ld t1,-32(s0): s0==0xFFFFFF88,mem[0xFFFFFF68]==13 |- t1==10(0xA) -> t1==13(0xD)==mem[0xFFFFFF68]
riscu_examples/c/fibo.bin: pc==0x10184: add t0,t0,t1: t0==8(0x8),t1==13(0xD) |- t0==8(0x8) -> t0==21(0x15)
riscu_examples/c/fibo.bin: pc==0x10188: sd t0,-32(s0): s0==0xFFFFFF88,t0==21(0x15) |- mem[0xFFFFFF68]==13 -> mem[0xFFFFFF68]==t0==21(0x15)
riscu_examples/c/fibo.bin: pc==0x1018C: ld t0,-16(s0): s0==0xFFFFFF88,mem[0xFFFFFF78]==13 |- t0==21(0x15) -> t0==13(0xD)==mem[0xFFFFFF78]
riscu_examples/c/fibo.bin: pc==0x10190: sd t0,-24(s0): s0==0xFFFFFF88,t0==13(0xD) |- mem[0xFFFFFF70]==8 -> mem[0xFFFFFF70]==t0==13(0xD)
riscu_examples/c/fibo.bin: pc==0x10194: ld t0,-8(s0): s0==0xFFFFFF88,mem[0xFFFFFF80]==6 |- t0==13(0xD) -> t0==6(0x6)==mem[0xFFFFFF80]
riscu_examples/c/fibo.bin: pc==0x10198: addi t1,zero,1: zero==0(0x0) |- t1==13(0xD) -> t1==1(0x1)
riscu_examples/c/fibo.bin: pc==0x1019C: add t0,t0,t1: t0==6(0x6),t1==1(0x1) |- t0==6(0x6) -> t0==7(0x7)
riscu_examples/c/fibo.bin: pc==0x101A0: sd t0,-8(s0): s0==0xFFFFFF88,t0==7(0x7) |- mem[0xFFFFFF80]==6 -> mem[0xFFFFFF80]==t0==7(0x7)
riscu_examples/c/fibo.bin: pc==0x101A4: jal zero,-16: |- pc==0x101A4 -> pc==0x10164
riscu_examples/c/fibo.bin: pc==0x10164: ld t0,-8(s0): s0==0xFFFFFF88,mem[0xFFFFFF80]==7 |- t0==7(0x7) -> t0==7(0x7)==mem[0xFFFFFF80]
riscu_examples/c/fibo.bin: pc==0x10168: ld t1,16(s0): s0==0xFFFFFF88,mem[0xFFFFFF98]==10 |- t1==1(0x1) -> t1==10(0xA)==mem[0xFFFFFF98]
riscu_examples/c/fibo.bin: pc==0x1016C: sltu t0,t0,t1: t0==7(0x7),t1==10(0xA) |- t0==7(0x7) -> t0==1(0x1)
riscu_examples/c/fibo.bin: pc==0x10170: beq t0,zero,14: t0==1(0x1),zero==0(0x0) |- pc==0x10170 -> pc==0x10174
riscu_examples/c/fibo.bin: pc==0x10174: ld t0,-32(s0): s0==0xFFFFFF88,mem[0xFFFFFF68]==21 |- t0==1(0x1) -> t0==21(0x15)==mem[0xFFFFFF68]
riscu_examples/c/fibo.bin: pc==0x10178: sd t0,-16(s0): s0==0xFFFFFF88,t0==21(0x15) |- mem[0xFFFFFF78]==13 -> mem[0xFFFFFF78]==t0==21(0x15)
riscu_examples/c/fibo.bin: pc==0x1017C: ld t0,-24(s0): s0==0xFFFFFF88,mem[0xFFFFFF70]==13 |- t0==21(0x15) -> t0==13(0xD)==mem[0xFFFFFF70]
riscu_examples/c/fibo.bin: pc==0x10180: ld t1,-32(s0): s0==0xFFFFFF88,mem[0xFFFFFF68]==21 |- t1==10(0xA) -> t1==21(0x15)==mem[0xFFFFFF68]
riscu_examples/c/fibo.bin: pc==0x10184: add t0,t0,t1: t0==13(0xD),t1==21(0x15) |- t0==13(0xD) -> t0==34(0x22)
riscu_examples/c/fibo.bin: pc==0x10188: sd t0,-32(s0): s0==0xFFFFFF88,t0==34(0x22) |- mem[0xFFFFFF68]==21 -> mem[0xFFFFFF68]==t0==34(0x22)
riscu_examples/c/fibo.bin: pc==0x1018C: ld t0,-16(s0): s0==0xFFFFFF88,mem[0xFFFFFF78]==21 |- t0==34(0x22) -> t0==21(0x15)==mem[0xFFFFFF78]
riscu_examples/c/fibo.bin: pc==0x10190: sd t0,-24(s0): s0==0xFFFFFF88,t0==21(0x15) |- mem[0xFFFFFF70]==13 -> mem[0xFFFFFF70]==t0==21(0x15)
riscu_examples/c/fibo.bin: pc==0x10194: ld t0,-8(s0): s0==0xFFFFFF88,mem[0xFFFFFF80]==7 |- t0==21(0x15) -> t0==7(0x7)==mem[0xFFFFFF80]
riscu_examples/c/fibo.bin: pc==0x10198: addi t1,zero,1: zero==0(0x0) |- t1==21(0x15) -> t1==1(0x1)
riscu_examples/c/fibo.bin: pc==0x1019C: add t0,t0,t1: t0==7(0x7),t1==1(0x1) |- t0==7(0x7) -> t0==8(0x8)
riscu_examples/c/fibo.bin: pc==0x101A0: sd t0,-8(s0): s0==0xFFFFFF88,t0==8(0x8) |- mem[0xFFFFFF80]==7 -> mem[0xFFFFFF80]==t0==8(0x8)
riscu_examples/c/fibo.bin: pc==0x101A4: jal zero,-16: |- pc==0x101A4 -> pc==0x10164
riscu_examples/c/fibo.bin: pc==0x10164: ld t0,-8(s0): s0==0xFFFFFF88,mem[0xFFFFFF80]==8 |- t0==8(0x8) -> t0==8(0x8)==mem[0xFFFFFF80]
riscu_examples/c/fibo.bin: pc==0x10168: ld t1,16(s0): s0==0xFFFFFF88,mem[0xFFFFFF98]==10 |- t1==1(0x1) -> t1==10(0xA)==mem[0xFFFFFF98]
riscu_examples/c/fibo.bin: pc==0x1016C: sltu t0,t0,t1: t0==8(0x8),t1==10(0xA) |- t0==8(0x8) -> t0==1(0x1)
riscu_examples/c/fibo.bin: pc==0x10170: beq t0,zero,14: t0==1(0x1),zero==0(0x0) |- pc==0x10170 -> pc==0x10174
riscu_examples/c/fibo.bin: pc==0x10174: ld t0,-32(s0): s0==0xFFFFFF88,mem[0xFFFFFF68]==34 |- t0==1(0x1) -> t0==34(0x22)==mem[0xFFFFFF68]
riscu_examples/c/fibo.bin: pc==0x10178: sd t0,-16(s0): s0==0xFFFFFF88,t0==34(0x22) |- mem[0xFFFFFF78]==21 -> mem[0xFFFFFF78]==t0==34(0x22)
riscu_examples/c/fibo.bin: pc==0x1017C: ld t0,-24(s0): s0==0xFFFFFF88,mem[0xFFFFFF70]==21 |- t0==34(0x22) -> t0==21(0x15)==mem[0xFFFFFF70]
riscu_examples/c/fibo.bin: pc==0x10180: ld t1,-32(s0): s0==0xFFFFFF88,mem[0xFFFFFF68]==34 |- t1==10(0xA) -> t1==34(0x22)==mem[0xFFFFFF68]
riscu_examples/c/fibo.bin: pc==0x10184: add t0,t0,t1: t0==21(0x15),t1==34(0x22) |- t0==21(0x15) -> t0==55(0x37)
riscu_examples/c/fibo.bin: pc==0x10188: sd t0,-32(s0): s0==0xFFFFFF88,t0==55(0x37) |- mem[0xFFFFFF68]==34 -> mem[0xFFFFFF68]==t0==55(0x37)
riscu_examples/c/fibo.bin: pc==0x1018C: ld t0,-16(s0): s0==0xFFFFFF88,mem[0xFFFFFF78]==34 |- t0==55(0x37) -> t0==34(0x22)==mem[0xFFFFFF78]
riscu_examples/c/fibo.bin: pc==0x10190: sd t0,-24(s0): s0==0xFFFFFF88,t0==34(0x22) |- mem[0xFFFFFF70]==21 -> mem[0xFFFFFF70]==t0==34(0x22)
riscu_examples/c/fibo.bin: pc==0x10194: ld t0,-8(s0): s0==0xFFFFFF88,mem[0xFFFFFF80]==8 |- t0==34(0x22) -> t0==8(0x8)==mem[0xFFFFFF80]
riscu_examples/c/fibo.bin: pc==0x10198: addi t1,zero,1: zero==0(0x0) |- t1==34(0x22) -> t1==1(0x1)
riscu_examples/c/fibo.bin: pc==0x1019C: add t0,t0,t1: t0==8(0x8),t1==1(0x1) |- t0==8(0x8) -> t0==9(0x9)
riscu_examples/c/fibo.bin: pc==0x101A0: sd t0,-8(s0): s0==0xFFFFFF88,t0==9(0x9) |- mem[0xFFFFFF80]==8 -> mem[0xFFFFFF80]==t0==9(0x9)
riscu_examples/c/fibo.bin: pc==0x101A4: jal zero,-16: |- pc==0x101A4 -> pc==0x10164
riscu_examples/c/fibo.bin: pc==0x10164: ld t0,-8(s0): s0==0xFFFFFF88,mem[0xFFFFFF80]==9 |- t0==9(0x9) -> t0==9(0x9)==mem[0xFFFFFF80]
riscu_examples/c/fibo.bin: pc==0x10168: ld t1,16(s0): s0==0xFFFFFF88,mem[0xFFFFFF98]==10 |- t1==1(0x1) -> t1==10(0xA)==mem[0xFFFFFF98]
riscu_examples/c/fibo.bin: pc==0x1016C: sltu t0,t0,t1: t0==9(0x9),t1==10(0xA) |- t0==9(0x9) -> t0==1(0x1)
riscu_examples/c/fibo.bin: pc==0x10170: beq t0,zero,14: t0==1(0x1),zero==0(0x0) |- pc==0x10170 -> pc==0x10174
riscu_examples/c/fibo.bin: pc==0x10174: ld t0,-32(s0): s0==0xFFFFFF88,mem[0xFFFFFF68]==55 |- t0==1(0x1) -> t0==55(0x37)==mem[0xFFFFFF68]
riscu_examples/c/fibo.bin: pc==0x10178: sd t0,-16(s0): s0==0xFFFFFF88,t0==55(0x37) |- mem[0xFFFFFF78]==34 -> mem[0xFFFFFF78]==t0==55(0x37)
riscu_examples/c/fibo.bin: pc==0x1017C: ld t0,-24(s0): s0==0xFFFFFF88,mem[0xFFFFFF70]==34 |- t0==55(0x37) -> t0==34(0x22)==mem[0xFFFFFF70]
riscu_examples/c/fibo.bin: pc==0x10180: ld t1,-32(s0): s0==0xFFFFFF88,mem[0xFFFFFF68]==55 |- t1==10(0xA) -> t1==55(0x37)==mem[0xFFFFFF68]
riscu_examples/c/fibo.bin: pc==0x10184: add t0,t0,t1: t0==34(0x22),t1==55(0x37) |- t0==34(0x22) -> t0==89(0x59)
riscu_examples/c/fibo.bin: pc==0x10188: sd t0,-32(s0): s0==0xFFFFFF88,t0==89(0x59) |- mem[0xFFFFFF68]==55 -> mem[0xFFFFFF68]==t0==89(0x59)
riscu_examples/c/fibo.bin: pc==0x1018C: ld t0,-16(s0): s0==0xFFFFFF88,mem[0xFFFFFF78]==55 |- t0==89(0x59) -> t0==55(0x37)==mem[0xFFFFFF78]
riscu_examples/c/fibo.bin: pc==0x10190: sd t0,-24(s0): s0==0xFFFFFF88,t0==55(0x37) |- mem[0xFFFFFF70]==34 -> mem[0xFFFFFF70]==t0==55(0x37)
riscu_examples/c/fibo.bin: pc==0x10194: ld t0,-8(s0): s0==0xFFFFFF88,mem[0xFFFFFF80]==9 |- t0==55(0x37) -> t0==9(0x9)==mem[0xFFFFFF80]
riscu_examples/c/fibo.bin: pc==0x10198: addi t1,zero,1: zero==0(0x0) |- t1==55(0x37) -> t1==1(0x1)
riscu_examples/c/fibo.bin: pc==0x1019C: add t0,t0,t1: t0==9(0x9),t1==1(0x1) |- t0==9(0x9) -> t0==10(0xA)
riscu_examples/c/fibo.bin: pc==0x101A0: sd t0,-8(s0): s0==0xFFFFFF88,t0==10(0xA) |- mem[0xFFFFFF80]==9 -> mem[0xFFFFFF80]==t0==10(0xA)
riscu_examples/c/fibo.bin: pc==0x101A4: jal zero,-16: |- pc==0x101A4 -> pc==0x10164
riscu_examples/c/fibo.bin: pc==0x10164: ld t0,-8(s0): s0==0xFFFFFF88,mem[0xFFFFFF80]==10 |- t0==10(0xA) -> t0==10(0xA)==mem[0xFFFFFF80]
riscu_examples/c/fibo.bin: pc==0x10168: ld t1,16(s0): s0==0xFFFFFF88,mem[0xFFFFFF98]==10 |- t1==1(0x1) -> t1==10(0xA)==mem[0xFFFFFF98]
riscu_examples/c/fibo.bin: pc==0x1016C: sltu t0,t0,t1: t0==10(0xA),t1==10(0xA) |- t0==10(0xA) -> t0==0(0x0)
riscu_examples/c/fibo.bin: pc==0x10170: beq t0,zero,14: t0==0(0x0),zero==0(0x0) |- pc==0x10170 -> pc==0x101A8
riscu_examples/c/fibo.bin: pc==0x101A8: ld t0,-32(s0): s0==0xFFFFFF88,mem[0xFFFFFF68]==89 |- t0==0(0x0) -> t0==89(0x59)==mem[0xFFFFFF68]
riscu_examples/c/fibo.bin: pc==0x101AC: addi a0,t0,0: t0==89(0x59) |- a0==73728(0x12000) -> a0==89(0x59)
riscu_examples/c/fibo.bin: pc==0x101B0: jal zero,2: |- pc==0x101B0 -> pc==0x101B8
riscu_examples/c/fibo.bin: pc==0x101B8: addi sp,s0,0: s0==0xFFFFFF88 |- sp==0xFFFFFF68 -> sp==0xFFFFFF88
riscu_examples/c/fibo.bin: pc==0x101BC: ld s0,0(sp): sp==0xFFFFFF88,mem[0xFFFFFF88]==0xFFFFFFA8 |- s0==0xFFFFFF88 -> s0==0xFFFFFFA8==mem[0xFFFFFF88]
riscu_examples/c/fibo.bin: pc==0x101C0: addi sp,sp,8: sp==0xFFFFFF88 |- sp==0xFFFFFF88 -> sp==0xFFFFFF90
riscu_examples/c/fibo.bin: pc==0x101C4: ld ra,0(sp): sp==0xFFFFFF90,mem[0xFFFFFF90]==0x10200 |- ra==0x10200 -> ra==0x10200==mem[0xFFFFFF90]
riscu_examples/c/fibo.bin: pc==0x101C8: addi sp,sp,16: sp==0xFFFFFF90 |- sp==0xFFFFFF90 -> sp==0xFFFFFFA0
riscu_examples/c/fibo.bin: pc==0x101CC: jalr zero,0(ra): ra==0x10200 |- pc==0x101CC -> pc==0x10200
riscu_examples/c/fibo.bin: pc==0x10200: addi t0,a0,0: a0==89(0x59) |- t0==89(0x59) -> t0==89(0x59)
riscu_examples/c/fibo.bin: pc==0x10204: addi a0,t0,0: t0==89(0x59) |- a0==89(0x59) -> a0==89(0x59)
riscu_examples/c/fibo.bin: pc==0x10208: jal zero,2: |- pc==0x10208 -> pc==0x10210
riscu_examples/c/fibo.bin: pc==0x10210: addi sp,s0,0: s0==0xFFFFFFA8 |- sp==0xFFFFFFA0 -> sp==0xFFFFFFA8
riscu_examples/c/fibo.bin: pc==0x10214: ld s0,0(sp): sp==0xFFFFFFA8,mem[0xFFFFFFA8]==0x0 |- s0==0xFFFFFFA8 -> s0==0x0==mem[0xFFFFFFA8]
riscu_examples/c/fibo.bin: pc==0x10218: addi sp,sp,8: sp==0xFFFFFFA8 |- sp==0xFFFFFFA8 -> sp==0xFFFFFFB0
riscu_examples/c/fibo.bin: pc==0x1021C: ld ra,0(sp): sp==0xFFFFFFB0,mem[0xFFFFFFB0]==0x1004C |- ra==0x10200 -> ra==0x1004C==mem[0xFFFFFFB0]
riscu_examples/c/fibo.bin: pc==0x10220: addi sp,sp,8: sp==0xFFFFFFB0 |- sp==0xFFFFFFB0 -> sp==0xFFFFFFB8
riscu_examples/c/fibo.bin: pc==0x10224: jalr zero,0(ra): ra==0x1004C |- pc==0x10224 -> pc==0x1004C
riscu_examples/c/fibo.bin: pc==0x1004C: addi sp,sp,-8: sp==0xFFFFFFB8 |- sp==0xFFFFFFB8 -> sp==0xFFFFFFB0
riscu_examples/c/fibo.bin: pc==0x10050: sd a0,0(sp): sp==0xFFFFFFB0,a0==89(0x59) |- mem[0xFFFFFFB0]==65612 -> mem[0xFFFFFFB0]==a0==89(0x59)
riscu_examples/c/fibo.bin: pc==0x10054: ld a0,0(sp): sp==0xFFFFFFB0,mem[0xFFFFFFB0]==89 |- a0==89(0x59) -> a0==89(0x59)==mem[0xFFFFFFB0]
riscu_examples/c/fibo.bin: pc==0x10058: addi sp,sp,8: sp==0xFFFFFFB0 |- sp==0xFFFFFFB0 -> sp==0xFFFFFFB8
riscu_examples/c/fibo.bin: pc==0x1005C: addi a7,zero,93: zero==0(0x0) |- a7==214(0xD6) -> a7==93(0x5D)
riscu_examples/c/fibo.bin: pc==0x10060: ecall(exit): a0==0x59 |- ->
